Сборка начата 26.12.2024 15:36:56.
Уровень детализации журнала: Normal.     1>Проект "D:\проекты 3 сем\АСД\лаб 8\lab8\lab8.vcxproj" в узле 2 (целевые объекты Build).
     1>InitializeBuildStatus:
         Создание "Debug\lab8.tlog\unsuccessfulbuild", так как было задано "AlwaysCreate".
       ClCompile:
         C:\Program Files (x86)\Microsoft Visual Studio\2019\Professional\VC\Tools\MSVC\14.29.30133\bin\HostX86\x86\CL.exe /c /ZI /JMC /nologo /W3 /WX- /diagnostics:column /sdl /Od /Oy- /D WIN32 /D _DEBUG /D _CONSOLE /D _UNICODE /D UNICODE /Gm- /EHsc /RTC1 /MDd /GS /fp:precise /permissive- /Zc:wchar_t /Zc:forScope /Zc:inline /Fo"Debug\\" /Fd"Debug\vc142.pdb" /external:W3 /Gd /TP /analyze- /FC /errorReport:prompt lab8.cpp
         lab8.cpp
     1>D:\проекты 3 сем\АСД\лаб 8\lab8\lab8.cpp(5,13): warning C4326: возвращаемый тип "main" должен быть "int", а не "void"
       Link:
         C:\Program Files (x86)\Microsoft Visual Studio\2019\Professional\VC\Tools\MSVC\14.29.30133\bin\HostX86\x86\link.exe /ERRORREPORT:PROMPT /OUT:"D:\проекты 3 сем\АСД\лаб 8\lab8\Debug\lab8.exe" /INCREMENTAL /ILK:"Debug\lab8.ilk" /NOLOGO kernel32.lib user32.lib gdi32.lib winspool.lib comdlg32.lib advapi32.lib shell32.lib ole32.lib oleaut32.lib uuid.lib odbc32.lib odbccp32.lib /MANIFEST /MANIFESTUAC:"level='asInvoker' uiAccess='false'" /manifest:embed /DEBUG /PDB:"D:\проекты 3 сем\АСД\лаб 8\lab8\Debug\lab8.pdb" /SUBSYSTEM:CONSOLE /TLBID:1 /DYNAMICBASE /NXCOMPAT /IMPLIB:"D:\проекты 3 сем\АСД\лаб 8\lab8\Debug\lab8.lib" /MACHINE:X86 Debug\lab8.obj
         lab8.vcxproj -> D:\проекты 3 сем\АСД\лаб 8\lab8\Debug\lab8.exe
       FinalizeBuildStatus:
         Файл "Debug\lab8.tlog\unsuccessfulbuild" удаляется.
         Обращение к "Debug\lab8.tlog\lab8.lastbuildstate".
     1>Сборка проекта "D:\проекты 3 сем\АСД\лаб 8\lab8\lab8.vcxproj" завершена (целевые объекты Build).

Сборка успешно завершена.

       "D:\проекты 3 сем\АСД\лаб 8\lab8\lab8.vcxproj" (целевой объект Build ) (1) ->
       (Целевой объект ClCompile) -> 
         D:\проекты 3 сем\АСД\лаб 8\lab8\lab8.cpp(5,13): warning C4326: возвращаемый тип "main" должен быть "int", а не "void"

    Предупреждений: 1
    Ошибок: 0

Прошло времени 00:00:01.84
